<?xml version="1.0" encoding="UTF-8"?>
<!DOCTYPE nmaprun>
<?xml-stylesheet href="file:///usr/bin/../share/nmap/nmap.xsl" type="text/xsl"?>
<!-- Nmap 7.80 scan initiated Thu Mar  2 19:19:33 2023 as: nmap -&#45;top-ports 10 -oX - whiskeyprovsechny.cz -->
<nmaprun scanner="nmap" args="nmap -&#45;top-ports 10 -oX - whiskeyprovsechny.cz" start="1677784773" startstr="Thu Mar  2 19:19:33 2023" version="7.80" xmloutputversion="1.04">
<scaninfo type="syn" protocol="tcp" numservices="10" services="21-23,25,80,110,139,443,445,3389"/>
<verbose level="0"/>
<debugging level="0"/>
<host starttime="1677784773" endtime="1677784774"><status state="up" reason="echo-reply" reason_ttl="57"/>
<address addr="31.15.10.85" addrtype="ipv4"/>
<hostnames>
<hostname name="whiskeyprovsechny.cz" type="user"/>
<hostname name="uvirt65.active24.cz" type="PTR"/>
</hostnames>
<ports><port protocol="tcp" portid="21"><state state="open" reason="syn-ack" reason_ttl="57"/><service name="ftp" method="table" conf="3"/></port>
<port protocol="tcp" portid="22"><state state="filtered" reason="no-response" reason_ttl="0"/><service name="ssh" method="table" conf="3"/></port>
<port protocol="tcp" portid="23"><state state="filtered" reason="no-response" reason_ttl="0"/><service name="telnet" method="table" conf="3"/></port>
<port protocol="tcp" portid="25"><state state="filtered" reason="no-response" reason_ttl="0"/><service name="smtp" method="table" conf="3"/></port>
<port protocol="tcp" portid="80"><state state="open" reason="syn-ack" reason_ttl="57"/><service name="http" method="table" conf="3"/></port>
<port protocol="tcp" portid="110"><state state="filtered" reason="no-response" reason_ttl="0"/><service name="pop3" method="table" conf="3"/></port>
<port protocol="tcp" portid="139"><state state="filtered" reason="no-response" reason_ttl="0"/><service name="netbios-ssn" method="table" conf="3"/></port>
<port protocol="tcp" portid="443"><state state="open" reason="syn-ack" reason_ttl="57"/><service name="https" method="table" conf="3"/></port>
<port protocol="tcp" portid="445"><state state="filtered" reason="no-response" reason_ttl="0"/><service name="microsoft-ds" method="table" conf="3"/></port>
<port protocol="tcp" portid="3389"><state state="filtered" reason="no-response" reason_ttl="0"/><service name="ms-wbt-server" method="table" conf="3"/></port>
</ports>
<times srtt="28860" rttvar="14246" to="100000"/>
</host>
<runstats><finished time="1677784775" timestr="Thu Mar  2 19:19:35 2023" elapsed="1.47" summary="Nmap done at Thu Mar  2 19:19:35 2023; 1 IP address (1 host up) scanned in 1.47 seconds" exit="success"/><hosts up="1" down="0" total="1"/>
</runstats>
</nmaprun>
