<?xml version="1.0" encoding="UTF-8"?>
<!DOCTYPE nmaprun>
<?xml-stylesheet href="file:///usr/bin/../share/nmap/nmap.xsl" type="text/xsl"?>
<!-- Nmap 7.80 scan initiated Mon Feb 27 12:33:32 2023 as: nmap -&#45;top-ports 10 -oX - 8.8.8.8 -->
<nmaprun scanner="nmap" args="nmap -&#45;top-ports 10 -oX - 8.8.8.8" start="1677501212" startstr="Mon Feb 27 12:33:32 2023" version="7.80" xmloutputversion="1.04">
<scaninfo type="syn" protocol="tcp" numservices="10" services="21-23,25,80,110,139,443,445,3389"/>
<verbose level="0"/>
<debugging level="0"/>
<host starttime="1677501212" endtime="1677501213"><status state="up" reason="echo-reply" reason_ttl="116"/>
<address addr="8.8.8.8" addrtype="ipv4"/>
<hostnames>
<hostname name="dns.google" type="PTR"/>
</hostnames>
<ports><port protocol="tcp" portid="21"><state state="filtered" reason="no-response" reason_ttl="0"/><service name="ftp" method="table" conf="3"/></port>
<port protocol="tcp" portid="22"><state state="filtered" reason="no-response" reason_ttl="0"/><service name="ssh" method="table" conf="3"/></port>
<port protocol="tcp" portid="23"><state state="filtered" reason="no-response" reason_ttl="0"/><service name="telnet" method="table" conf="3"/></port>
<port protocol="tcp" portid="25"><state state="filtered" reason="no-response" reason_ttl="0"/><service name="smtp" method="table" conf="3"/></port>
<port protocol="tcp" portid="80"><state state="filtered" reason="no-response" reason_ttl="0"/><service name="http" method="table" conf="3"/></port>
<port protocol="tcp" portid="110"><state state="filtered" reason="no-response" reason_ttl="0"/><service name="pop3" method="table" conf="3"/></port>
<port protocol="tcp" portid="139"><state state="filtered" reason="no-response" reason_ttl="0"/><service name="netbios-ssn" method="table" conf="3"/></port>
<port protocol="tcp" portid="443"><state state="open" reason="syn-ack" reason_ttl="119"/><service name="https" method="table" conf="3"/></port>
<port protocol="tcp" portid="445"><state state="filtered" reason="no-response" reason_ttl="0"/><service name="microsoft-ds" method="table" conf="3"/></port>
<port protocol="tcp" portid="3389"><state state="filtered" reason="no-response" reason_ttl="0"/><service name="ms-wbt-server" method="table" conf="3"/></port>
</ports>
<times srtt="27622" rttvar="21035" to="111762"/>
</host>
<runstats><finished time="1677501213" timestr="Mon Feb 27 12:33:33 2023" elapsed="1.44" summary="Nmap done at Mon Feb 27 12:33:33 2023; 1 IP address (1 host up) scanned in 1.44 seconds" exit="success"/><hosts up="1" down="0" total="1"/>
</runstats>
</nmaprun>


